0 info it worked if it ends with ok
1 verbose cli [ 'node', '/usr/local/bin/npm', 'install', 'refluxjs' ]
2 info using npm@1.4.28
3 info using node@v0.10.33
4 verbose cache add [ 'refluxjs', null ]
5 verbose cache add name=undefined spec="refluxjs" args=["refluxjs",null]
6 verbose parsed url { protocol: null,
6 verbose parsed url   slashes: null,
6 verbose parsed url   auth: null,
6 verbose parsed url   host: null,
6 verbose parsed url   port: null,
6 verbose parsed url   hostname: null,
6 verbose parsed url   hash: null,
6 verbose parsed url   search: null,
6 verbose parsed url   query: null,
6 verbose parsed url   pathname: 'refluxjs',
6 verbose parsed url   path: 'refluxjs',
6 verbose parsed url   href: 'refluxjs' }
7 silly lockFile 6a6ac3f4-refluxjs refluxjs
8 verbose lock refluxjs /Users/acustaf52/.npm/6a6ac3f4-refluxjs.lock
9 silly lockFile 6a6ac3f4-refluxjs refluxjs
10 silly lockFile 6a6ac3f4-refluxjs refluxjs
11 verbose addNamed [ 'refluxjs', '' ]
12 verbose addNamed [ null, '*' ]
13 silly lockFile d5ac8565-refluxjs refluxjs@
14 verbose lock refluxjs@ /Users/acustaf52/.npm/d5ac8565-refluxjs.lock
15 silly addNameRange { name: 'refluxjs', range: '*', hasData: false }
16 verbose request where is /refluxjs
17 verbose request registry https://registry.npmjs.org/
18 verbose request id 9d7ec000224a384e
19 verbose url raw /refluxjs
20 verbose url resolving [ 'https://registry.npmjs.org/', './refluxjs' ]
21 verbose url resolved https://registry.npmjs.org/refluxjs
22 verbose request where is https://registry.npmjs.org/refluxjs
23 info trying registry request attempt 1 at 16:41:57
24 http GET https://registry.npmjs.org/refluxjs
25 http 404 https://registry.npmjs.org/refluxjs
26 verbose headers { date: 'Thu, 05 Mar 2015 22:41:56 GMT',
26 verbose headers   server: 'CouchDB/1.6.1 (Erlang OTP/R14B04)',
26 verbose headers   'content-type': 'application/json',
26 verbose headers   'cache-control': 'max-age=0',
26 verbose headers   'content-length': '52',
26 verbose headers   'accept-ranges': 'bytes',
26 verbose headers   via: '1.1 varnish',
26 verbose headers   age: '0',
26 verbose headers   'x-served-by': 'cache-dfw1821-DFW',
26 verbose headers   'x-cache': 'MISS',
26 verbose headers   'x-cache-hits': '0',
26 verbose headers   'x-timer': 'S1425595316.673960,VS0,VE55',
26 verbose headers   'keep-alive': 'timeout=10, max=50',
26 verbose headers   connection: 'Keep-Alive' }
27 silly registry.get cb [ 404,
27 silly registry.get   { date: 'Thu, 05 Mar 2015 22:41:56 GMT',
27 silly registry.get     server: 'CouchDB/1.6.1 (Erlang OTP/R14B04)',
27 silly registry.get     'content-type': 'application/json',
27 silly registry.get     'cache-control': 'max-age=0',
27 silly registry.get     'content-length': '52',
27 silly registry.get     'accept-ranges': 'bytes',
27 silly registry.get     via: '1.1 varnish',
27 silly registry.get     age: '0',
27 silly registry.get     'x-served-by': 'cache-dfw1821-DFW',
27 silly registry.get     'x-cache': 'MISS',
27 silly registry.get     'x-cache-hits': '0',
27 silly registry.get     'x-timer': 'S1425595316.673960,VS0,VE55',
27 silly registry.get     'keep-alive': 'timeout=10, max=50',
27 silly registry.get     connection: 'Keep-Alive' } ]
28 silly lockFile d5ac8565-refluxjs refluxjs@
29 silly lockFile d5ac8565-refluxjs refluxjs@
30 error 404 404 Not Found: refluxjs
30 error 404
30 error 404 'refluxjs' is not in the npm registry.
30 error 404 You should bug the author to publish it
30 error 404
30 error 404 Note that you can also install from a
30 error 404 tarball, folder, or http url, or git url.
31 error System Darwin 14.1.0
32 error command "node" "/usr/local/bin/npm" "install" "refluxjs"
33 error cwd /Volumes/NO NAME/school/spring_2015/csci_5221/project_1/csci5221-p1-t1/ui/intelligent_agriculture
34 error node -v v0.10.33
35 error npm -v 1.4.28
36 error code E404
37 verbose exit [ 1, true ]
